Arguments: 
  C:\Program Files\nodejs\node.exe C:\Users\USUARIO\AppData\Roaming\npm\node_modules\yarn\bin\yarn.js dev

PATH: 
  C:\Users\USUARIO\bin;D:\Git\mingw64\bin;D:\Git\usr\local\bin;D:\Git\usr\bin;D:\Git\usr\bin;D:\Git\mingw64\bin;D:\Git\usr\bin;C:\Users\USUARIO\bin;C:\Program Files (x86)\Common Files\Intel\Shared Libraries\redist\intel64\compiler;C:\Windows\system32;C:\Windows;C:\Windows\System32\Wbem;C:\Windows\System32\WindowsPowerShell\v1.0;C:\Windows\System32\OpenSSH;D:\Git\cmd;C:\Program Files\nodejs;C:\Users\USUARIO\AppData\Local\Microsoft\WindowsApps;C:\Users\USUARIO\AppData\Local\atom\bin;C:\Users\USUARIO\AppData\Roaming\npm;C:\Users\USUARIO\AppData\Local\Programs\Microsoft VS Code\bin;D:\Git\usr\bin\vendor_perl;D:\Git\usr\bin\core_perl

Yarn version: 
  1.22.10

Node version: 
  14.15.4

Platform: 
  win32 x64

Trace: 
  SyntaxError: C:\Users\USUARIO\Desktop\jhanpieremontes\personal_projects\html_guide\package.json: Unexpected token } in JSON at position 54
      at JSON.parse (<anonymous>)
      at C:\Users\USUARIO\AppData\Roaming\npm\node_modules\yarn\lib\cli.js:1625:59
      at Generator.next (<anonymous>)
      at step (C:\Users\USUARIO\AppData\Roaming\npm\node_modules\yarn\lib\cli.js:310:30)
      at C:\Users\USUARIO\AppData\Roaming\npm\node_modules\yarn\lib\cli.js:321:13

npm manifest: 
  {
    "devDependencies": {
      "ed-grid": "^3.0.2"
    },
  }

yarn manifest: 
  No manifest

Lockfile: 
  # THIS IS AN AUTOGENERATED FILE. DO NOT EDIT THIS FILE DIRECTLY.
  # yarn lockfile v1
  
  
  ed-grid@^3.0.2:
    version "3.0.2"
    resolved "https://registry.yarnpkg.com/ed-grid/-/ed-grid-3.0.2.tgz#f75e95e16153ef5437f8323ad53a31011f4b1501"
    integrity sha512-2wFXy42Z0YAi6yZOB/9cajGtQf4n/ueUKaHJaeQeyjoPQWZNBBG1x1cifobMGXzQPnfMfP2wYrhvdcSACmU1ag==
